0 info it worked if it ends with ok
1 verbose cli [ '/usr/bin/nodejs',
1 verbose cli   '/usr/bin/npm',
1 verbose cli   'install',
1 verbose cli   'karma-junit-reporterer',
1 verbose cli   '--save-dev' ]
2 info using npm@1.3.10
3 info using node@v0.10.25
4 verbose readDependencies using package.json deps
5 verbose cache add [ 'karma-junit-reporterer', null ]
6 verbose cache add name=undefined spec="karma-junit-reporterer" args=["karma-junit-reporterer",null]
7 verbose parsed url { protocol: null,
7 verbose parsed url   slashes: null,
7 verbose parsed url   auth: null,
7 verbose parsed url   host: null,
7 verbose parsed url   port: null,
7 verbose parsed url   hostname: null,
7 verbose parsed url   hash: null,
7 verbose parsed url   search: null,
7 verbose parsed url   query: null,
7 verbose parsed url   pathname: 'karma-junit-reporterer',
7 verbose parsed url   path: 'karma-junit-reporterer',
7 verbose parsed url   href: 'karma-junit-reporterer' }
8 silly lockFile 539df767-karma-junit-reporterer karma-junit-reporterer
9 verbose lock karma-junit-reporterer /home/wangwenyuan/.npm/539df767-karma-junit-reporterer.lock
10 silly lockFile 539df767-karma-junit-reporterer karma-junit-reporterer
11 silly lockFile 539df767-karma-junit-reporterer karma-junit-reporterer
12 verbose addNamed [ 'karma-junit-reporterer', '' ]
13 verbose addNamed [ null, '*' ]
14 silly lockFile aabcbc10-karma-junit-reporterer karma-junit-reporterer@
15 verbose lock karma-junit-reporterer@ /home/wangwenyuan/.npm/aabcbc10-karma-junit-reporterer.lock
16 silly addNameRange { name: 'karma-junit-reporterer', range: '*', hasData: false }
17 verbose url raw karma-junit-reporterer
18 verbose url resolving [ 'https://registry.npmjs.org/', './karma-junit-reporterer' ]
19 verbose url resolved https://registry.npmjs.org/karma-junit-reporterer
20 info trying registry request attempt 1 at 16:14:49
21 http GET https://registry.npmjs.org/karma-junit-reporterer
22 http 404 https://registry.npmjs.org/karma-junit-reporterer
23 silly registry.get cb [ 404,
23 silly registry.get   { date: 'Tue, 06 May 2014 08:14:51 GMT',
23 silly registry.get     server: 'CouchDB/1.6.0+build.fauxton-91-g5a2864b (Erlang OTP/R14B04)',
23 silly registry.get     'content-type': 'application/json',
23 silly registry.get     via: '1.1 varnish',
23 silly registry.get     'cache-control': 'max-age=0',
23 silly registry.get     'content-length': '52',
23 silly registry.get     'accept-ranges': 'bytes',
23 silly registry.get     age: '0',
23 silly registry.get     'x-served-by': 'cache-v44-ASH, cache-c101-CHI',
23 silly registry.get     'x-cache': 'MISS, MISS',
23 silly registry.get     'x-cache-hits': '0, 0',
23 silly registry.get     'x-timer': 'S1399364091.782132387,VS0,VS8,VE109,VE121',
23 silly registry.get     'keep-alive': 'timeout=10, max=50',
23 silly registry.get     connection: 'Keep-Alive' } ]
24 silly lockFile aabcbc10-karma-junit-reporterer karma-junit-reporterer@
25 silly lockFile aabcbc10-karma-junit-reporterer karma-junit-reporterer@
26 error 404 'karma-junit-reporterer' is not in the npm registry.
26 error 404 You should bug the author to publish it
26 error 404
26 error 404 Note that you can also install from a
26 error 404 tarball, folder, or http url, or git url.
27 error System Linux 3.13.0-24-generic
28 error command "/usr/bin/nodejs" "/usr/bin/npm" "install" "karma-junit-reporterer" "--save-dev"
29 error cwd /home/wangwenyuan/workspace/drive-web
30 error node -v v0.10.25
31 error npm -v 1.3.10
32 error code E404
33 verbose exit [ 1, true ]
